-------------------------------------------------------------------------------
Test set: com.carbonit.test.SquareTest
-------------------------------------------------------------------------------
Tests run: 1, Failures: 1, Errors: 0, Skipped: 0, Time elapsed: 0.002 s <<< FAILURE! - in com.carbonit.test.SquareTest
test  Time elapsed: 0.001 s  <<< FAILURE!
org.opentest4j.AssertionFailedError: Not yet implemented
	at com.carbonit.test.SquareTest.test(SquareTest.java:11)

